#
# There is insufficient memory for the Java Runtime Environment to continue.
# Native memory allocation (mmap) failed to map 197132288 bytes for G1 virtual space
# Possible reasons:
#   The system is out of physical RAM or swap space
#   The process is running with CompressedOops enabled, and the Java Heap may be blocking the growth of the native heap
# Possible solutions:
#   Reduce memory load on the system
#   Increase physical memory or swap space
#   Check if swap backing store is full
#   Decrease Java heap size (-Xmx/-Xms)
#   Decrease number of Java threads
#   Decrease Java thread stack sizes (-Xss)
#   Set larger code cache with -XX:ReservedCodeCacheSize=
#   JVM is running with Zero Based Compressed Oops mode in which the Java heap is
#     placed in the first 32GB address space. The Java Heap base address is the
#     maximum limit for the native heap growth. Please use -XX:HeapBaseMinAddress
#     to set the Java Heap base and to place the Java Heap above 32GB virtual address.
# This output file may be truncated or incomplete.
#
#  Out of Memory Error (os_windows.cpp:3613), pid=14892, tid=408
#
# JRE version:  (17.0.9+9) (build )
# Java VM: OpenJDK 64-Bit Server VM (17.0.9+9, mixed mode, sharing, tiered, compressed oops, compressed class ptrs, g1 gc, windows-amd64)
# No core dump will be written. Minidumps are not enabled by default on client versions of Windows
#

---------------  S U M M A R Y ------------

Command Line: -ea -Dfile.encoding=UTF-8 -Dstdout.encoding=UTF-8 -Dstderr.encoding=UTF-8 -XX:+ShowCodeDetailsInExceptionMessages org.testng.remote.RemoteTestNG -serport 65291 -protocol json -d C:\Users\Lenovo\Documents\workspace-spring-tool-suite-4-4.21.0.RELEASE\Appium\test-output C:\Users\Lenovo\AppData\Local\Temp\testng-eclipse--2138717803\testng-customsuite.xml

Host: Intel(R) Core(TM) i3-1005G1 CPU @ 1.20GHz, 4 cores, 11G,  Windows 10 , 64 bit Build 19041 (10.0.19041.3636)
Time: Mon Feb 12 10:38:06 2024 India Standard Time elapsed time: 0.013149 seconds (0d 0h 0m 0s)

---------------  T H R E A D  ---------------

Current thread (0x0000024afd3ddb90):  JavaThread "Unknown thread" [_thread_in_vm, id=408, stack(0x000000df4c600000,0x000000df4c700000)]

Stack: [0x000000df4c600000,0x000000df4c700000]
Native frames: (J=compiled Java code, j=interpreted, Vv=VM code, C=native code)
V  [jvm.dll+0x67cf49]
V  [jvm.dll+0x83478a]
V  [jvm.dll+0x83624e]
V  [jvm.dll+0x8368b3]
V  [jvm.dll+0x247f1f]
V  [jvm.dll+0x679d69]
V  [jvm.dll+0x66e6ba]
V  [jvm.dll+0x307e5b]
V  [jvm.dll+0x30f306]
V  [jvm.dll+0x35f0ce]
V  [jvm.dll+0x35f2ff]
V  [jvm.dll+0x2dea58]
V  [jvm.dll+0x2df9c4]
V  [jvm.dll+0x806031]
V  [jvm.dll+0x36cf31]
V  [jvm.dll+0x7e4aac]
V  [jvm.dll+0x3f07af]
V  [jvm.dll+0x3f23e1]
C  [jli.dll+0x528f]
C  [ucrtbase.dll+0x21bb2]
C  [KERNEL32.DLL+0x17344]
C  [ntdll.dll+0x526b1]


---------------  P R O C E S S  ---------------

Threads class SMR info:
_java_thread_list=0x00007ff8efd9ee98, length=0, elements={
}

Java Threads: ( => current thread )

Other Threads:
  0x0000024afd434b10 GCTaskThread "GC Thread#0" [stack: 0x000000df4c700000,0x000000df4c800000] [id=11172]
  0x0000024afd441570 ConcurrentGCThread "G1 Main Marker" [stack: 0x000000df4c800000,0x000000df4c900000] [id=11356]
  0x0000024afd442780 ConcurrentGCThread "G1 Conc#0" [stack: 0x000000df4c900000,0x000000df4ca00000] [id=5212]

[error occurred during error reporting (printing all threads), id 0xc0000005, EXCEPTION_ACCESS_VIOLATION (0xc0000005) at pc=0x00007ff8ef55f497]

VM state: not at safepoint (not fully initialized)

VM Mutex/Monitor currently owned by a thread:  ([mutex/lock_event])
[0x0000024afd3d87e0] Heap_lock - owner thread: 0x0000024afd3ddb90

Heap address: 0x0000000744000000, size: 3008 MB, Compressed Oops mode: Zero based, Oop shift amount: 3

CDS archive(s) mapped at: [0x0000000000000000-0x0000000000000000-0x0000000000000000), size 0, SharedBaseAddress: 0x0000000800000000, ArchiveRelocationMode: 1.
Narrow klass base: 0x0000000000000000, Narrow klass shift: 0, Narrow klass range: 0x0

GC Precious Log:
<Empty>

Heap:
 garbage-first heap   total 0K, used 0K [0x0000000744000000, 0x0000000800000000)
  region size 2048K, 0 young (0K), 0 survivors (0K)

[error occurred during error reporting (printing heap information), id 0xc0000005, EXCEPTION_ACCESS_VIOLATION (0xc0000005) at pc=0x00007ff8ef946c79]

GC Heap History (0 events):
No events

Dll operation events (1 events):
Event: 0.007 Loaded shared library C:\sts-4.21.0.RELEASE\plugins\org.eclipse.justj.openjdk.hotspot.jre.full.win32.x86_64_17.0.9.v20231028-0858\jre\bin\java.dll

Deoptimization events (0 events):
No events

Classes unloaded (0 events):
No events

Classes redefined (0 events):
No events

Internal exceptions (0 events):
No events

VM Operations (0 events):
No events

Events (0 events):
No events


Dynamic libraries:
0x00007ff7264a0000 - 0x00007ff7264ae000 	C:\sts-4.21.0.RELEASE\plugins\org.eclipse.justj.openjdk.hotspot.jre.full.win32.x86_64_17.0.9.v20231028-0858\jre\bin\javaw.exe
0x00007ff926670000 - 0x00007ff926868000 	C:\Windows\SYSTEM32\ntdll.dll
0x00007ff925400000 - 0x00007ff9254bd000 	C:\Windows\System32\KERNEL32.DLL
0x00007ff924250000 - 0x00007ff924546000 	C:\Windows\System32\KERNELBASE.dll
0x00007ff923fb0000 - 0x00007ff9240b0000 	C:\Windows\System32\ucrtbase.dll
0x00007ff907c00000 - 0x00007ff907c17000 	C:\sts-4.21.0.RELEASE\plugins\org.eclipse.justj.openjdk.hotspot.jre.full.win32.x86_64_17.0.9.v20231028-0858\jre\bin\jli.dll
0x00007ff924890000 - 0x00007ff924a2e000 	C:\Windows\System32\USER32.dll
0x00007ff924160000 - 0x00007ff924182000 	C:\Windows\System32\win32u.dll
0x00007ff924790000 - 0x00007ff9247bb000 	C:\Windows\System32\GDI32.dll
0x00007ff923d30000 - 0x00007ff923e47000 	C:\Windows\System32\gdi32full.dll
0x00007ff923e50000 - 0x00007ff923eed000 	C:\Windows\System32\msvcp_win.dll
0x00007ff907bd0000 - 0x00007ff907beb000 	C:\sts-4.21.0.RELEASE\plugins\org.eclipse.justj.openjdk.hotspot.jre.full.win32.x86_64_17.0.9.v20231028-0858\jre\bin\VCRUNTIME140.dll
0x00007ff912f30000 - 0x00007ff9131ca000 	C:\Windows\WinSxS\amd64_microsoft.windows.common-controls_6595b64144ccf1df_6.0.19041.3636_none_60b6a03d71f818d5\COMCTL32.dll
0x00007ff9264d0000 - 0x00007ff92656e000 	C:\Windows\System32\msvcrt.dll
0x00007ff924e30000 - 0x00007ff924e62000 	C:\Windows\System32\IMM32.DLL
0x00007ff913270000 - 0x00007ff91327c000 	C:\sts-4.21.0.RELEASE\plugins\org.eclipse.justj.openjdk.hotspot.jre.full.win32.x86_64_17.0.9.v20231028-0858\jre\bin\vcruntime140_1.dll
0x00007ff8f6270000 - 0x00007ff8f62fd000 	C:\sts-4.21.0.RELEASE\plugins\org.eclipse.justj.openjdk.hotspot.jre.full.win32.x86_64_17.0.9.v20231028-0858\jre\bin\msvcp140.dll
0x00007ff8ef270000 - 0x00007ff8efed1000 	C:\sts-4.21.0.RELEASE\plugins\org.eclipse.justj.openjdk.hotspot.jre.full.win32.x86_64_17.0.9.v20231028-0858\jre\bin\server\jvm.dll
0x00007ff926570000 - 0x00007ff926623000 	C:\Windows\System32\ADVAPI32.dll
0x00007ff926430000 - 0x00007ff9264cf000 	C:\Windows\System32\sechost.dll
0x00007ff924af0000 - 0x00007ff924c16000 	C:\Windows\System32\RPCRT4.dll
0x00007ff924220000 - 0x00007ff924247000 	C:\Windows\System32\bcrypt.dll
0x00007ff923b90000 - 0x00007ff923bdb000 	C:\Windows\SYSTEM32\POWRPROF.dll
0x00007ff91cad0000 - 0x00007ff91cad9000 	C:\Windows\SYSTEM32\WSOCK32.dll
0x00007ff9254c0000 - 0x00007ff92552b000 	C:\Windows\System32\WS2_32.dll
0x00007ff917f70000 - 0x00007ff917f97000 	C:\Windows\SYSTEM32\WINMM.dll
0x00007ff91de00000 - 0x00007ff91de0a000 	C:\Windows\SYSTEM32\VERSION.dll
0x00007ff923b70000 - 0x00007ff923b82000 	C:\Windows\SYSTEM32\UMPDC.dll
0x00007ff9225c0000 - 0x00007ff9225d2000 	C:\Windows\SYSTEM32\kernel.appcore.dll
0x00007ff91f7c0000 - 0x00007ff91f7ca000 	C:\sts-4.21.0.RELEASE\plugins\org.eclipse.justj.openjdk.hotspot.jre.full.win32.x86_64_17.0.9.v20231028-0858\jre\bin\jimage.dll
0x00007ff921ae0000 - 0x00007ff921cc4000 	C:\Windows\SYSTEM32\DBGHELP.DLL
0x00007ff91c660000 - 0x00007ff91c694000 	C:\Windows\SYSTEM32\dbgcore.DLL
0x00007ff924190000 - 0x00007ff924212000 	C:\Windows\System32\bcryptPrimitives.dll
0x00007ff9198e0000 - 0x00007ff919905000 	C:\sts-4.21.0.RELEASE\plugins\org.eclipse.justj.openjdk.hotspot.jre.full.win32.x86_64_17.0.9.v20231028-0858\jre\bin\java.dll

dbghelp: loaded successfully - version: 4.0.5 - missing functions: none
symbol engine: initialized successfully - sym options: 0x614 - pdb path: .;C:\sts-4.21.0.RELEASE\plugins\org.eclipse.justj.openjdk.hotspot.jre.full.win32.x86_64_17.0.9.v20231028-0858\jre\bin;C:\Windows\SYSTEM32;C:\Windows\WinSxS\amd64_microsoft.windows.common-controls_6595b64144ccf1df_6.0.19041.3636_none_60b6a03d71f818d5;C:\sts-4.21.0.RELEASE\plugins\org.eclipse.justj.openjdk.hotspot.jre.full.win32.x86_64_17.0.9.v20231028-0858\jre\bin\server

VM Arguments:
jvm_args: -ea -Dfile.encoding=UTF-8 -Dstdout.encoding=UTF-8 -Dstderr.encoding=UTF-8 -XX:+ShowCodeDetailsInExceptionMessages 
java_command: org.testng.remote.RemoteTestNG -serport 65291 -protocol json -d C:\Users\Lenovo\Documents\workspace-spring-tool-suite-4-4.21.0.RELEASE\Appium\test-output C:\Users\Lenovo\AppData\Local\Temp\testng-eclipse--2138717803\testng-customsuite.xml
java_class_path (initial): C:\sts-4.21.0.RELEASE\configuration\org.eclipse.osgi\578\0\.cp\lib\testng-remote.jar;C:\Users\Lenovo\Documents\workspace-spring-tool-suite-4-4.21.0.RELEASE\Appium\target\test-classes;C:\Users\Lenovo\Documents\workspace-spring-tool-suite-4-4.21.0.RELEASE\Appium\target\classes;C:\Users\Lenovo\.m2\repository\io\github\bonigarcia\webdrivermanager\5.5.3\webdrivermanager-5.5.3.jar;C:\Users\Lenovo\.m2\repository\org\slf4j\slf4j-api\2.0.7\slf4j-api-2.0.7.jar;C:\Users\Lenovo\.m2\repository\com\google\code\gson\gson\2.10.1\gson-2.10.1.jar;C:\Users\Lenovo\.m2\repository\com\github\docker-java\docker-java\3.3.3\docker-java-3.3.3.jar;C:\Users\Lenovo\.m2\repository\com\github\docker-java\docker-java-core\3.3.3\docker-java-core-3.3.3.jar;C:\Users\Lenovo\.m2\repository\com\github\docker-java\docker-java-api\3.3.3\docker-java-api-3.3.3.jar;C:\Users\Lenovo\.m2\repository\com\fasterxml\jackson\core\jackson-annotations\2.10.3\jackson-annotations-2.10.3.jar;C:\Users\Lenovo\.m2\repository\org\apache\commons\commons-compress\1.21\commons-compress-1.21.jar;C:\Users\Lenovo\.m2\repository\com\fasterxml\jackson\core\jackson-databind\2.10.3\jackson-databind-2.10.3.jar;C:\Users\Lenovo\.m2\repository\com\fasterxml\jackson\core\jackson-core\2.10.3\jackson-core-2.10.3.jar;C:\Users\Lenovo\.m2\repository\org\bouncycastle\bcpkix-jdk18on\1.75\bcpkix-jdk18on-1.75.jar;C:\Users\Lenovo\.m2\repository\org\bouncycastle\bcprov-jdk18on\1.75\bcprov-jdk18on-1.75.jar;C:\Users\Lenovo\.m2\repository\org\bouncycastle\bcutil-jdk18on\1.75\bcutil-jdk18on-1.75.jar;C:\Users\Lenovo\.m2\repository\org\slf4j\jcl-over-slf4j\1.7.30\jcl-over-slf4j-1.7.30.jar;C:\Users\Lenovo\.m2\repository\com\github\docker-java\docker-java-transport-httpclient5\3.3.3\docker-java-transport-httpclient5-3.3.3.jar;C:\Users\Lenovo\.m2\repository\com\github\docker-java\docker-java-transport\3.3.3\docker-java-transport-3.3.3.jar;C:\Users\Lenovo\.m2\repository\net\java\dev\jna\jna\5.12.1\jna-5.12.1.jar;C:\Users\Lenovo\.m2
Launcher Type: SUN_STANDARD

[Global flags]
     intx CICompilerCount                          = 3                                         {product} {ergonomic}
     uint ConcGCThreads                            = 1                                         {product} {ergonomic}
     uint G1ConcRefinementThreads                  = 4                                         {product} {ergonomic}
   size_t G1HeapRegionSize                         = 2097152                                   {product} {ergonomic}
    uintx GCDrainStackTargetSize                   = 64                                        {product} {ergonomic}
   size_t InitialHeapSize                          = 197132288                                 {product} {ergonomic}
   size_t MarkStackSize                            = 4194304                                   {product} {ergonomic}
   size_t MaxHeapSize                              = 3154116608                                {product} {ergonomic}
   size_t MinHeapDeltaBytes                        = 2097152                                   {product} {ergonomic}
   size_t MinHeapSize                              = 8388608                                   {product} {ergonomic}
    uintx NonNMethodCodeHeapSize                   = 5832780                                {pd product} {ergonomic}
    uintx NonProfiledCodeHeapSize                  = 122912730                              {pd product} {ergonomic}
    uintx ProfiledCodeHeapSize                     = 122912730                              {pd product} {ergonomic}
    uintx ReservedCodeCacheSize                    = 251658240                              {pd product} {ergonomic}
     bool SegmentedCodeCache                       = true                                      {product} {ergonomic}
     bool ShowCodeDetailsInExceptionMessages       = true                                   {manageable} {command line}
   size_t SoftMaxHeapSize                          = 3154116608                             {manageable} {ergonomic}
     bool UseCompressedClassPointers               = true                           {product lp64_product} {ergonomic}
     bool UseCompressedOops                        = true                           {product lp64_product} {ergonomic}
     bool UseG1GC                                  = true                                      {product} {ergonomic}
     bool UseLargePagesIndividualAllocation        = false                                  {pd product} {ergonomic}

Logging:
Log output configuration:
 #0: stdout all=warning uptime,level,tags
 #1: stderr all=off uptime,level,tags

Environment Variables:
JAVA_HOME=C:\Program Files\Java\jdk-21
PATH=C:/sts-4.21.0.RELEASE//plugins/org.eclipse.justj.openjdk.hotspot.jre.full.win32.x86_64_17.0.9.v20231028-0858/jre/bin/server;C:/sts-4.21.0.RELEASE//plugins/org.eclipse.justj.openjdk.hotspot.jre.full.win32.x86_64_17.0.9.v20231028-0858/jre/bin;C:\Program Files\Common Files\Oracle\Java\javapath;C:\ProgramData\Oracle\Java\javapath;C:\Windows\system32;C:\Windows;C:\Windows\System32\Wbem;C:\Windows\System32\WindowsPowerShell\v1.0\;C:\Windows\System32\OpenSSH\;C:\Program Files\Git\cmd;C:\Program Files\nodejs\;C:\Program Files\Microsoft VS Code\bin;C:\Program Files\Java\jdk-21\bin;C:\Program Files\MySQL\MySQL Server 8.0\bin;C:\Program Files\Java\jdk-21\bin;C:\Users\Lenovo\Downloads\apache-maven-3.9.6-bin\apache-maven-3.9.6\bin;C:\Users\Lenovo\AppData\Local\Android\Sdk;C:\Users\Lenovo\AppData\Roaming\npm\node_modules;C:\Program Files\MySQL\MySQL Shell 8.0\bin\;C:\Users\Lenovo\AppData\Local\Microsoft\WindowsApps;C:\Program Files\JetBrains\IntelliJ IDEA Community Edition 2022.2.2\bin;;C:\Users\Lenovo\AppData\Roaming\npm;C:\Users\Lenovo\AppData\Local\GitHubDesktop\bin;C:\Users\Lenovo\Downloads\apache-maven-3.9.6-bin\apache-maven-3.9.6\bin;;C:\sts-4.21.0.RELEASE;
USERNAME=Lenovo
OS=Windows_NT
PROCESSOR_IDENTIFIER=Intel64 Family 6 Model 126 Stepping 5, GenuineIntel
TMP=C:\Users\Lenovo\AppData\Local\Temp
TEMP=C:\Users\Lenovo\AppData\Local\Temp



Periodic native trim disabled


---------------  S Y S T E M  ---------------

OS:
 Windows 10 , 64 bit Build 19041 (10.0.19041.3636)
OS uptime: 4 days 13:08 hours

CPU: total 4 (initial active 4) (2 cores per cpu, 2 threads per core) family 6 model 126 stepping 5 microcode 0x78, cx8, cmov, fxsr, ht, mmx, 3dnowpref, sse, sse2, sse3, ssse3, sse4.1, sse4.2, popcnt, lzcnt, tsc, tscinvbit, avx, avx2, aes, erms, clmul, bmi1, bmi2, adx, avx512f, avx512dq, avx512cd, avx512bw, avx512vl, sha, fma, vzeroupper, avx512_vpopcntdq, avx512_vpclmulqdq, avx512_vaes, avx512_vnni, clflush, clflushopt, avx512_vbmi2, avx512_vbmi
Processor Information for all 4 processors :
  Max Mhz: 1190, Current Mhz: 1190, Mhz Limit: 1190

Memory: 4k page, system-wide physical 12030M (1099M free)
TotalPageFile size 27223M (AvailPageFile size 141M)
current process WorkingSet (physical memory assigned to process): 10M, peak: 10M
current process commit charge ("private bytes"): 51M, peak: 239M

vm_info: OpenJDK 64-Bit Server VM (17.0.9+9) for windows-amd64 JRE (17.0.9+9), built on Oct 26 2023 14:01:42 by "admin" with MS VC++ 16.10 / 16.11 (VS2019)

END.
